# JRE version: Java(TM) SE Runtime Environment (8.0_121-b13) (build 1.8.0_121-b13)
# Java VM: Java HotSpot(TM) 64-Bit Server VM (25.121-b13 mixed mode windows-amd64 compressed oops)
Heap:
 PSYoungGen      total 136192K, used 12771K [0x00000000d5e00000, 0x00000000e0c00000, 0x0000000100000000)
  eden space 131072K, 9% used [0x00000000d5e00000,0x00000000d6a78df8,0x00000000dde00000)
  from space 5120K, 0% used [0x00000000dde00000,0x00000000dde00000,0x00000000de300000)
  to   space 4096K, 0% used [0x00000000e0800000,0x00000000e0800000,0x00000000e0c00000)
 ParOldGen       total 274432K, used 146081K [0x0000000081a00000, 0x0000000092600000, 0x00000000d5e00000)
  object space 274432K, 53% used [0x0000000081a00000,0x000000008a8a8420,0x0000000092600000)
 Metaspace       used 8993K, capacity 9258K, committed 9472K, reserved 1056768K
  class space    used 1093K, capacity 1163K, committed 1280K, reserved 1048576K
GC Heap History (10 events):
Event: 0.509 GC heap before
{Heap before GC invocations=3 (full 0):
 PSYoungGen      total 71680K, used 70290K [0x00000000d5e00000, 0x00000000da900000, 0x0000000100000000)
  eden space 66560K, 100% used [0x00000000d5e00000,0x00000000d9f00000,0x00000000d9f00000)
  from space 5120K, 72% used [0x00000000da400000,0x00000000da7a49a0,0x00000000da900000)
  to   space 5120K, 0% used [0x00000000d9f00000,0x00000000d9f00000,0x00000000da400000)
 ParOldGen       total 87552K, used 39869K [0x0000000081a00000, 0x0000000086f80000, 0x00000000d5e00000)
  object space 87552K, 45% used [0x0000000081a00000,0x00000000840ef730,0x0000000086f80000)
 Metaspace       used 6183K, capacity 6428K, committed 6528K, reserved 1056768K
  class space    used 736K, capacity 797K, committed 896K, reserved 1048576K
Event: 0.522 GC heap after
Heap after GC invocations=3 (full 0):
 PSYoungGen      total 71680K, used 3778K [0x00000000d5e00000, 0x00000000dea00000, 0x0000000100000000)
  eden space 66560K, 0% used [0x00000000d5e00000,0x00000000d5e00000,0x00000000d9f00000)
  from space 5120K, 73% used [0x00000000d9f00000,0x00000000da2b0990,0x00000000da400000)
  to   space 5120K, 0% used [0x00000000de500000,0x00000000de500000,0x00000000dea00000)
 ParOldGen       total 87552K, used 82633K [0x0000000081a00000, 0x0000000086f80000, 0x00000000d5e00000)
  object space 87552K, 94% used [0x0000000081a00000,0x0000000086ab26a0,0x0000000086f80000)
 Metaspace       used 6183K, capacity 6428K, committed 6528K, reserved 1056768K
  class space    used 736K, capacity 797K, committed 896K, reserved 1048576K
}
Event: 0.522 GC heap before
{Heap before GC invocations=4 (full 1):
 PSYoungGen      total 71680K, used 3778K [0x00000000d5e00000, 0x00000000dea00000, 0x0000000100000000)
  eden space 66560K, 0% used [0x00000000d5e00000,0x00000000d5e00000,0x00000000d9f00000)
  from space 5120K, 73% used [0x00000000d9f00000,0x00000000da2b0990,0x00000000da400000)
  to   space 5120K, 0% used [0x00000000de500000,0x00000000de500000,0x00000000dea00000)
 ParOldGen       total 87552K, used 82633K [0x0000000081a00000, 0x0000000086f80000, 0x00000000d5e00000)
  object space 87552K, 94% used [0x0000000081a00000,0x0000000086ab26a0,0x0000000086f80000)
 Metaspace       used 6183K, capacity 6428K, committed 6528K, reserved 1056768K
  class space    used 736K, capacity 797K, committed 896K, reserved 1048576K
Event: 0.545 GC heap after
Heap after GC invocations=4 (full 1):
 PSYoungGen      total 71680K, used 0K [0x00000000d5e00000, 0x00000000dea00000, 0x0000000100000000)
  eden space 66560K, 0% used [0x00000000d5e00000,0x00000000d5e00000,0x00000000d9f00000)
  from space 5120K, 0% used [0x00000000d9f00000,0x00000000d9f00000,0x00000000da400000)
  to   space 5120K, 0% used [0x00000000de500000,0x00000000de500000,0x00000000dea00000)
 ParOldGen       total 152576K, used 63505K [0x0000000081a00000, 0x000000008af00000, 0x00000000d5e00000)
  object space 152576K, 41% used [0x0000000081a00000,0x00000000858045c0,0x000000008af00000)
 Metaspace       used 6183K, capacity 6428K, committed 6528K, reserved 1056768K
  class space    used 736K, capacity 797K, committed 896K, reserved 1048576K
}
Event: 0.715 GC heap before
{Heap before GC invocations=5 (full 1):
 PSYoungGen      total 71680K, used 64205K [0x00000000d5e00000, 0x00000000dea00000, 0x0000000100000000)
  eden space 66560K, 96% used [0x00000000d5e00000,0x00000000d9cb34c0,0x00000000d9f00000)
  from space 5120K, 0% used [0x00000000d9f00000,0x00000000d9f00000,0x00000000da400000)
  to   space 5120K, 0% used [0x00000000de500000,0x00000000de500000,0x00000000dea00000)
 ParOldGen       total 152576K, used 63505K [0x0000000081a00000, 0x000000008af00000, 0x00000000d5e00000)
  object space 152576K, 41% used [0x0000000081a00000,0x00000000858045c0,0x000000008af00000)
 Metaspace       used 6183K, capacity 6428K, committed 6528K, reserved 1056768K
  class space    used 736K, capacity 797K, committed 896K, reserved 1048576K
Event: 0.722 GC heap after
Heap after GC invocations=5 (full 1):
 PSYoungGen      total 109568K, used 3010K [0x00000000d5e00000, 0x00000000de800000, 0x0000000100000000)
  eden space 106496K, 0% used [0x00000000d5e00000,0x00000000d5e00000,0x00000000dc600000)
  from space 3072K, 97% used [0x00000000de500000,0x00000000de7f0990,0x00000000de800000)
  to   space 5120K, 0% used [0x00000000dde00000,0x00000000dde00000,0x00000000de300000)
 ParOldGen       total 152576K, used 100473K [0x0000000081a00000, 0x000000008af00000, 0x00000000d5e00000)
  object space 152576K, 65% used [0x0000000081a00000,0x0000000087c1e4b0,0x000000008af00000)
 Metaspace       used 6183K, capacity 6428K, committed 6528K, reserved 1056768K
  class space    used 736K, capacity 797K, committed 896K, reserved 1048576K
}
Event: 0.919 GC heap before
{Heap before GC invocations=6 (full 1):
 PSYoungGen      total 109568K, used 108316K [0x00000000d5e00000, 0x00000000de800000, 0x0000000100000000)
  eden space 106496K, 98% used [0x00000000d5e00000,0x00000000dc4d66f0,0x00000000dc600000)
  from space 3072K, 97% used [0x00000000de500000,0x00000000de7f0990,0x00000000de800000)
  to   space 5120K, 0% used [0x00000000dde00000,0x00000000dde00000,0x00000000de300000)
 ParOldGen       total 152576K, used 100473K [0x0000000081a00000, 0x000000008af00000, 0x00000000d5e00000)
  object space 152576K, 65% used [0x0000000081a00000,0x0000000087c1e4b0,0x000000008af00000)
 Metaspace       used 6187K, capacity 6428K, committed 6528K, reserved 1056768K
  class space    used 736K, capacity 797K, committed 896K, reserved 1048576K
Event: 0.931 GC heap after
Heap after GC invocations=6 (full 1):
 PSYoungGen      total 136192K, used 3010K [0x00000000d5e00000, 0x00000000e0c00000, 0x0000000100000000)
  eden space 131072K, 0% used [0x00000000d5e00000,0x00000000d5e00000,0x00000000dde00000)
  from space 5120K, 58% used [0x00000000dde00000,0x00000000de0f0990,0x00000000de300000)
  to   space 4096K, 0% used [0x00000000e0800000,0x00000000e0800000,0x00000000e0c00000)
 ParOldGen       total 164864K, used 163138K [0x0000000081a00000, 0x000000008bb00000, 0x00000000d5e00000)
  object space 164864K, 98% used [0x0000000081a00000,0x000000008b950860,0x000000008bb00000)
 Metaspace       used 6187K, capacity 6428K, committed 6528K, reserved 1056768K
  class space    used 736K, capacity 797K, committed 896K, reserved 1048576K
}
Event: 0.931 GC heap before
{Heap before GC invocations=7 (full 2):
 PSYoungGen      total 136192K, used 3010K [0x00000000d5e00000, 0x00000000e0c00000, 0x0000000100000000)
  eden space 131072K, 0% used [0x00000000d5e00000,0x00000000d5e00000,0x00000000dde00000)
  from space 5120K, 58% used [0x00000000dde00000,0x00000000de0f0990,0x00000000de300000)
  to   space 4096K, 0% used [0x00000000e0800000,0x00000000e0800000,0x00000000e0c00000)
 ParOldGen       total 164864K, used 163138K [0x0000000081a00000, 0x000000008bb00000, 0x00000000d5e00000)
  object space 164864K, 98% used [0x0000000081a00000,0x000000008b950860,0x000000008bb00000)
 Metaspace       used 6187K, capacity 6428K, committed 6528K, reserved 1056768K
  class space    used 736K, capacity 797K, committed 896K, reserved 1048576K
Event: 0.941 GC heap after
Heap after GC invocations=7 (full 2):
 PSYoungGen      total 136192K, used 0K [0x00000000d5e00000, 0x00000000e0c00000, 0x0000000100000000)
  eden space 131072K, 0% used [0x00000000d5e00000,0x00000000d5e00000,0x00000000dde00000)
  from space 5120K, 0% used [0x00000000dde00000,0x00000000dde00000,0x00000000de300000)
  to   space 4096K, 0% used [0x00000000e0800000,0x00000000e0800000,0x00000000e0c00000)
 ParOldGen       total 274432K, used 146081K [0x0000000081a00000, 0x0000000092600000, 0x00000000d5e00000)
  object space 274432K, 53% used [0x0000000081a00000,0x000000008a8a8420,0x0000000092600000)
 Metaspace       used 6187K, capacity 6428K, committed 6528K, reserved 1056768K
  class space    used 736K, capacity 797K, committed 896K, reserved 1048576K
}

