# JRE version: Java(TM) SE Runtime Environment (8.0_121-b13) (build 1.8.0_121-b13)
# Java VM: Java HotSpot(TM) 64-Bit Server VM (25.121-b13 mixed mode windows-amd64 compressed oops)
Heap:
 PSYoungGen      total 136192K, used 7277K [0x00000000d5e00000, 0x00000000e2a00000, 0x0000000100000000)
  eden space 131072K, 5% used [0x00000000d5e00000,0x00000000d651b720,0x00000000dde00000)
  from space 5120K, 0% used [0x00000000dde00000,0x00000000dde00000,0x00000000de300000)
  to   space 4608K, 0% used [0x00000000e2580000,0x00000000e2580000,0x00000000e2a00000)
 ParOldGen       total 269824K, used 148930K [0x0000000081a00000, 0x0000000092180000, 0x00000000d5e00000)
  object space 269824K, 55% used [0x0000000081a00000,0x000000008ab70a78,0x0000000092180000)
 Metaspace       used 8955K, capacity 9190K, committed 9472K, reserved 1056768K
  class space    used 1093K, capacity 1163K, committed 1280K, reserved 1048576K
GC Heap History (10 events):
Event: 0.510 GC heap before
{Heap before GC invocations=3 (full 0):
 PSYoungGen      total 71680K, used 67630K [0x00000000d5e00000, 0x00000000da900000, 0x0000000100000000)
  eden space 66560K, 95% used [0x00000000d5e00000,0x00000000d9c5f010,0x00000000d9f00000)
  from space 5120K, 73% used [0x00000000da400000,0x00000000da7ac9a0,0x00000000da900000)
  to   space 5120K, 0% used [0x00000000d9f00000,0x00000000d9f00000,0x00000000da400000)
 ParOldGen       total 87552K, used 37019K [0x0000000081a00000, 0x0000000086f80000, 0x00000000d5e00000)
  object space 87552K, 42% used [0x0000000081a00000,0x0000000083e26da0,0x0000000086f80000)
 Metaspace       used 6183K, capacity 6428K, committed 6528K, reserved 1056768K
  class space    used 736K, capacity 797K, committed 896K, reserved 1048576K
Event: 0.528 GC heap after
Heap after GC invocations=3 (full 0):
 PSYoungGen      total 71680K, used 3810K [0x00000000d5e00000, 0x00000000dea00000, 0x0000000100000000)
  eden space 66560K, 0% used [0x00000000d5e00000,0x00000000d5e00000,0x00000000d9f00000)
  from space 5120K, 74% used [0x00000000d9f00000,0x00000000da2b89b0,0x00000000da400000)
  to   space 5120K, 0% used [0x00000000de500000,0x00000000de500000,0x00000000dea00000)
 ParOldGen       total 87552K, used 79783K [0x0000000081a00000, 0x0000000086f80000, 0x00000000d5e00000)
  object space 87552K, 91% used [0x0000000081a00000,0x00000000867e9d10,0x0000000086f80000)
 Metaspace       used 6183K, capacity 6428K, committed 6528K, reserved 1056768K
  class space    used 736K, capacity 797K, committed 896K, reserved 1048576K
}
Event: 0.528 GC heap before
{Heap before GC invocations=4 (full 1):
 PSYoungGen      total 71680K, used 3810K [0x00000000d5e00000, 0x00000000dea00000, 0x0000000100000000)
  eden space 66560K, 0% used [0x00000000d5e00000,0x00000000d5e00000,0x00000000d9f00000)
  from space 5120K, 74% used [0x00000000d9f00000,0x00000000da2b89b0,0x00000000da400000)
  to   space 5120K, 0% used [0x00000000de500000,0x00000000de500000,0x00000000dea00000)
 ParOldGen       total 87552K, used 79783K [0x0000000081a00000, 0x0000000086f80000, 0x00000000d5e00000)
  object space 87552K, 91% used [0x0000000081a00000,0x00000000867e9d10,0x0000000086f80000)
 Metaspace       used 6183K, capacity 6428K, committed 6528K, reserved 1056768K
  class space    used 736K, capacity 797K, committed 896K, reserved 1048576K
Event: 0.543 GC heap after
Heap after GC invocations=4 (full 1):
 PSYoungGen      total 71680K, used 0K [0x00000000d5e00000, 0x00000000dea00000, 0x0000000100000000)
  eden space 66560K, 0% used [0x00000000d5e00000,0x00000000d5e00000,0x00000000d9f00000)
  from space 5120K, 0% used [0x00000000d9f00000,0x00000000d9f00000,0x00000000da400000)
  to   space 5120K, 0% used [0x00000000de500000,0x00000000de500000,0x00000000dea00000)
 ParOldGen       total 146944K, used 60652K [0x0000000081a00000, 0x000000008a980000, 0x00000000d5e00000)
  object space 146944K, 41% used [0x0000000081a00000,0x000000008553b320,0x000000008a980000)
 Metaspace       used 6183K, capacity 6428K, committed 6528K, reserved 1056768K
  class space    used 736K, capacity 797K, committed 896K, reserved 1048576K
}
Event: 0.669 GC heap before
{Heap before GC invocations=5 (full 1):
 PSYoungGen      total 71680K, used 64422K [0x00000000d5e00000, 0x00000000dea00000, 0x0000000100000000)
  eden space 66560K, 96% used [0x00000000d5e00000,0x00000000d9ce9a70,0x00000000d9f00000)
  from space 5120K, 0% used [0x00000000d9f00000,0x00000000d9f00000,0x00000000da400000)
  to   space 5120K, 0% used [0x00000000de500000,0x00000000de500000,0x00000000dea00000)
 ParOldGen       total 146944K, used 60652K [0x0000000081a00000, 0x000000008a980000, 0x00000000d5e00000)
  object space 146944K, 41% used [0x0000000081a00000,0x000000008553b320,0x000000008a980000)
 Metaspace       used 6183K, capacity 6428K, committed 6528K, reserved 1056768K
  class space    used 736K, capacity 797K, committed 896K, reserved 1048576K
Event: 0.678 GC heap after
Heap after GC invocations=5 (full 1):
 PSYoungGen      total 118784K, used 2978K [0x00000000d5e00000, 0x00000000de800000, 0x0000000100000000)
  eden space 115712K, 0% used [0x00000000d5e00000,0x00000000d5e00000,0x00000000dcf00000)
  from space 3072K, 96% used [0x00000000de500000,0x00000000de7e8990,0x00000000de800000)
  to   space 5120K, 0% used [0x00000000dde00000,0x00000000dde00000,0x00000000de300000)
 ParOldGen       total 146944K, used 97620K [0x0000000081a00000, 0x000000008a980000, 0x00000000d5e00000)
  object space 146944K, 66% used [0x0000000081a00000,0x0000000087955210,0x000000008a980000)
 Metaspace       used 6183K, capacity 6428K, committed 6528K, reserved 1056768K
  class space    used 736K, capacity 797K, committed 896K, reserved 1048576K
}
Event: 0.940 GC heap before
{Heap before GC invocations=6 (full 1):
 PSYoungGen      total 118784K, used 118690K [0x00000000d5e00000, 0x00000000de800000, 0x0000000100000000)
  eden space 115712K, 100% used [0x00000000d5e00000,0x00000000dcf00000,0x00000000dcf00000)
  from space 3072K, 96% used [0x00000000de500000,0x00000000de7e8990,0x00000000de800000)
  to   space 5120K, 0% used [0x00000000dde00000,0x00000000dde00000,0x00000000de300000)
 ParOldGen       total 146944K, used 97620K [0x0000000081a00000, 0x000000008a980000, 0x00000000d5e00000)
  object space 146944K, 66% used [0x0000000081a00000,0x0000000087955210,0x000000008a980000)
 Metaspace       used 6187K, capacity 6428K, committed 6528K, reserved 1056768K
  class space    used 736K, capacity 797K, committed 896K, reserved 1048576K
Event: 0.958 GC heap after
Heap after GC invocations=6 (full 1):
 PSYoungGen      total 136192K, used 3010K [0x00000000d5e00000, 0x00000000e2a00000, 0x0000000100000000)
  eden space 131072K, 0% used [0x00000000d5e00000,0x00000000d5e00000,0x00000000dde00000)
  from space 5120K, 58% used [0x00000000dde00000,0x00000000de0f0990,0x00000000de300000)
  to   space 4608K, 0% used [0x00000000e2580000,0x00000000e2580000,0x00000000e2a00000)
 ParOldGen       total 162304K, used 160285K [0x0000000081a00000, 0x000000008b880000, 0x00000000d5e00000)
  object space 162304K, 98% used [0x0000000081a00000,0x000000008b6875c0,0x000000008b880000)
 Metaspace       used 6187K, capacity 6428K, committed 6528K, reserved 1056768K
  class space    used 736K, capacity 797K, committed 896K, reserved 1048576K
}
Event: 0.958 GC heap before
{Heap before GC invocations=7 (full 2):
 PSYoungGen      total 136192K, used 3010K [0x00000000d5e00000, 0x00000000e2a00000, 0x0000000100000000)
  eden space 131072K, 0% used [0x00000000d5e00000,0x00000000d5e00000,0x00000000dde00000)
  from space 5120K, 58% used [0x00000000dde00000,0x00000000de0f0990,0x00000000de300000)
  to   space 4608K, 0% used [0x00000000e2580000,0x00000000e2580000,0x00000000e2a00000)
 ParOldGen       total 162304K, used 160285K [0x0000000081a00000, 0x000000008b880000, 0x00000000d5e00000)
  object space 162304K, 98% used [0x0000000081a00000,0x000000008b6875c0,0x000000008b880000)
 Metaspace       used 6187K, capacity 6428K, committed 6528K, reserved 1056768K
  class space    used 736K, capacity 797K, committed 896K, reserved 1048576K
Event: 0.969 GC heap after
Heap after GC invocations=7 (full 2):
 PSYoungGen      total 136192K, used 0K [0x00000000d5e00000, 0x00000000e2a00000, 0x0000000100000000)
  eden space 131072K, 0% used [0x00000000d5e00000,0x00000000d5e00000,0x00000000dde00000)
  from space 5120K, 0% used [0x00000000dde00000,0x00000000dde00000,0x00000000de300000)
  to   space 4608K, 0% used [0x00000000e2580000,0x00000000e2580000,0x00000000e2a00000)
 ParOldGen       total 269824K, used 148930K [0x0000000081a00000, 0x0000000092180000, 0x00000000d5e00000)
  object space 269824K, 55% used [0x0000000081a00000,0x000000008ab70a78,0x0000000092180000)
 Metaspace       used 6187K, capacity 6428K, committed 6528K, reserved 1056768K
  class space    used 736K, capacity 797K, committed 896K, reserved 1048576K
}

