# JRE version: Java(TM) SE Runtime Environment (8.0_121-b13) (build 1.8.0_121-b13)
# Java VM: Java HotSpot(TM) 64-Bit Server VM (25.121-b13 mixed mode windows-amd64 compressed oops)
Heap:
 PSYoungGen      total 136192K, used 17971K [0x00000000d5e00000, 0x00000000e1780000, 0x0000000100000000)
  eden space 131072K, 13% used [0x00000000d5e00000,0x00000000d6f8ccf0,0x00000000dde00000)
  from space 5120K, 0% used [0x00000000dde00000,0x00000000dde00000,0x00000000de300000)
  to   space 4608K, 0% used [0x00000000e1300000,0x00000000e1300000,0x00000000e1780000)
 ParOldGen       total 285696K, used 149886K [0x0000000081a00000, 0x0000000093100000, 0x00000000d5e00000)
  object space 285696K, 52% used [0x0000000081a00000,0x000000008ac5f8a8,0x0000000093100000)
 Metaspace       used 9059K, capacity 9318K, committed 9472K, reserved 1056768K
  class space    used 1090K, capacity 1163K, committed 1280K, reserved 1048576K
GC Heap History (10 events):
Event: 0.498 GC heap before
{Heap before GC invocations=4 (full 1):
 PSYoungGen      total 71680K, used 3810K [0x00000000d5e00000, 0x00000000dea00000, 0x0000000100000000)
  eden space 66560K, 0% used [0x00000000d5e00000,0x00000000d5e00000,0x00000000d9f00000)
  from space 5120K, 74% used [0x00000000d9f00000,0x00000000da2b89b0,0x00000000da400000)
  to   space 5120K, 0% used [0x00000000de500000,0x00000000de500000,0x00000000dea00000)
 ParOldGen       total 87552K, used 79783K [0x0000000081a00000, 0x0000000086f80000, 0x00000000d5e00000)
  object space 87552K, 91% used [0x0000000081a00000,0x00000000867e9d10,0x0000000086f80000)
 Metaspace       used 6178K, capacity 6428K, committed 6528K, reserved 1056768K
  class space    used 732K, capacity 797K, committed 896K, reserved 1048576K
Event: 0.512 GC heap after
Heap after GC invocations=4 (full 1):
 PSYoungGen      total 71680K, used 0K [0x00000000d5e00000, 0x00000000dea00000, 0x0000000100000000)
  eden space 66560K, 0% used [0x00000000d5e00000,0x00000000d5e00000,0x00000000d9f00000)
  from space 5120K, 0% used [0x00000000d9f00000,0x00000000d9f00000,0x00000000da400000)
  to   space 5120K, 0% used [0x00000000de500000,0x00000000de500000,0x00000000dea00000)
 ParOldGen       total 146944K, used 63503K [0x0000000081a00000, 0x000000008a980000, 0x00000000d5e00000)
  object space 146944K, 43% used [0x0000000081a00000,0x0000000085803ec8,0x000000008a980000)
 Metaspace       used 6178K, capacity 6428K, committed 6528K, reserved 1056768K
  class space    used 732K, capacity 797K, committed 896K, reserved 1048576K
}
Event: 0.618 GC heap before
{Heap before GC invocations=5 (full 1):
 PSYoungGen      total 71680K, used 66560K [0x00000000d5e00000, 0x00000000dea00000, 0x0000000100000000)
  eden space 66560K, 100% used [0x00000000d5e00000,0x00000000d9f00000,0x00000000d9f00000)
  from space 5120K, 0% used [0x00000000d9f00000,0x00000000d9f00000,0x00000000da400000)
  to   space 5120K, 0% used [0x00000000de500000,0x00000000de500000,0x00000000dea00000)
 ParOldGen       total 146944K, used 63503K [0x0000000081a00000, 0x000000008a980000, 0x00000000d5e00000)
  object space 146944K, 43% used [0x0000000081a00000,0x0000000085803ec8,0x000000008a980000)
 Metaspace       used 6178K, capacity 6428K, committed 6528K, reserved 1056768K
  class space    used 732K, capacity 797K, committed 896K, reserved 1048576K
Event: 0.627 GC heap after
Heap after GC invocations=5 (full 1):
 PSYoungGen      total 116224K, used 3010K [0x00000000d5e00000, 0x00000000de800000, 0x0000000100000000)
  eden space 113152K, 0% used [0x00000000d5e00000,0x00000000d5e00000,0x00000000dcc80000)
  from space 3072K, 97% used [0x00000000de500000,0x00000000de7f0990,0x00000000de800000)
  to   space 5120K, 0% used [0x00000000dde00000,0x00000000dde00000,0x00000000de300000)
 ParOldGen       total 146944K, used 106172K [0x0000000081a00000, 0x000000008a980000, 0x00000000d5e00000)
  object space 146944K, 72% used [0x0000000081a00000,0x00000000881af0d8,0x000000008a980000)
 Metaspace       used 6178K, capacity 6428K, committed 6528K, reserved 1056768K
  class space    used 732K, capacity 797K, committed 896K, reserved 1048576K
}
Event: 0.627 GC heap before
{Heap before GC invocations=6 (full 2):
 PSYoungGen      total 116224K, used 3010K [0x00000000d5e00000, 0x00000000de800000, 0x0000000100000000)
  eden space 113152K, 0% used [0x00000000d5e00000,0x00000000d5e00000,0x00000000dcc80000)
  from space 3072K, 97% used [0x00000000de500000,0x00000000de7f0990,0x00000000de800000)
  to   space 5120K, 0% used [0x00000000dde00000,0x00000000dde00000,0x00000000de300000)
 ParOldGen       total 146944K, used 106172K [0x0000000081a00000, 0x000000008a980000, 0x00000000d5e00000)
  object space 146944K, 72% used [0x0000000081a00000,0x00000000881af0d8,0x000000008a980000)
 Metaspace       used 6178K, capacity 6428K, committed 6528K, reserved 1056768K
  class space    used 732K, capacity 797K, committed 896K, reserved 1048576K
Event: 0.632 GC heap after
Heap after GC invocations=6 (full 2):
 PSYoungGen      total 116224K, used 0K [0x00000000d5e00000, 0x00000000de800000, 0x0000000100000000)
  eden space 113152K, 0% used [0x00000000d5e00000,0x00000000d5e00000,0x00000000dcc80000)
  from space 3072K, 0% used [0x00000000de500000,0x00000000de500000,0x00000000de800000)
  to   space 5120K, 0% used [0x00000000dde00000,0x00000000dde00000,0x00000000de300000)
 ParOldGen       total 206336K, used 97646K [0x0000000081a00000, 0x000000008e380000, 0x00000000d5e00000)
  object space 206336K, 47% used [0x0000000081a00000,0x000000008795bb58,0x000000008e380000)
 Metaspace       used 6178K, capacity 6428K, committed 6528K, reserved 1056768K
  class space    used 732K, capacity 797K, committed 896K, reserved 1048576K
}
Event: 3.119 GC heap before
{Heap before GC invocations=7 (full 2):
 PSYoungGen      total 116224K, used 112896K [0x00000000d5e00000, 0x00000000de800000, 0x0000000100000000)
  eden space 113152K, 99% used [0x00000000d5e00000,0x00000000dcc40278,0x00000000dcc80000)
  from space 3072K, 0% used [0x00000000de500000,0x00000000de500000,0x00000000de800000)
  to   space 5120K, 0% used [0x00000000dde00000,0x00000000dde00000,0x00000000de300000)
 ParOldGen       total 206336K, used 97646K [0x0000000081a00000, 0x000000008e380000, 0x00000000d5e00000)
  object space 206336K, 47% used [0x0000000081a00000,0x000000008795bb58,0x000000008e380000)
 Metaspace       used 8957K, capacity 9180K, committed 9472K, reserved 1056768K
  class space    used 1085K, capacity 1160K, committed 1280K, reserved 1048576K
Event: 3.132 GC heap after
Heap after GC invocations=7 (full 2):
 PSYoungGen      total 136192K, used 3962K [0x00000000d5e00000, 0x00000000e1780000, 0x0000000100000000)
  eden space 131072K, 0% used [0x00000000d5e00000,0x00000000d5e00000,0x00000000dde00000)
  from space 5120K, 77% used [0x00000000dde00000,0x00000000de1deb28,0x00000000de300000)
  to   space 4608K, 0% used [0x00000000e1300000,0x00000000e1300000,0x00000000e1780000)
 ParOldGen       total 206336K, used 154618K [0x0000000081a00000, 0x000000008e380000, 0x00000000d5e00000)
  object space 206336K, 74% used [0x0000000081a00000,0x000000008b0febe8,0x000000008e380000)
 Metaspace       used 8957K, capacity 9180K, committed 9472K, reserved 1056768K
  class space    used 1085K, capacity 1160K, committed 1280K, reserved 1048576K
}
Event: 3.132 GC heap before
{Heap before GC invocations=8 (full 3):
 PSYoungGen      total 136192K, used 3962K [0x00000000d5e00000, 0x00000000e1780000, 0x0000000100000000)
  eden space 131072K, 0% used [0x00000000d5e00000,0x00000000d5e00000,0x00000000dde00000)
  from space 5120K, 77% used [0x00000000dde00000,0x00000000de1deb28,0x00000000de300000)
  to   space 4608K, 0% used [0x00000000e1300000,0x00000000e1300000,0x00000000e1780000)
 ParOldGen       total 206336K, used 154618K [0x0000000081a00000, 0x000000008e380000, 0x00000000d5e00000)
  object space 206336K, 74% used [0x0000000081a00000,0x000000008b0febe8,0x000000008e380000)
 Metaspace       used 8957K, capacity 9180K, committed 9472K, reserved 1056768K
  class space    used 1085K, capacity 1160K, committed 1280K, reserved 1048576K
Event: 3.167 GC heap after
Heap after GC invocations=8 (full 3):
 PSYoungGen      total 136192K, used 0K [0x00000000d5e00000, 0x00000000e1780000, 0x0000000100000000)
  eden space 131072K, 0% used [0x00000000d5e00000,0x00000000d5e00000,0x00000000dde00000)
  from space 5120K, 0% used [0x00000000dde00000,0x00000000dde00000,0x00000000de300000)
  to   space 4608K, 0% used [0x00000000e1300000,0x00000000e1300000,0x00000000e1780000)
 ParOldGen       total 285696K, used 149886K [0x0000000081a00000, 0x0000000093100000, 0x00000000d5e00000)
  object space 285696K, 52% used [0x0000000081a00000,0x000000008ac5f8a8,0x0000000093100000)
 Metaspace       used 8957K, capacity 9180K, committed 9472K, reserved 1056768K
  class space    used 1085K, capacity 1160K, committed 1280K, reserved 1048576K
}

