# JRE version: Java(TM) SE Runtime Environment (8.0_121-b13) (build 1.8.0_121-b13)
# Java VM: Java HotSpot(TM) 64-Bit Server VM (25.121-b13 mixed mode windows-amd64 compressed oops)
Heap:
 PSYoungGen      total 118784K, used 115074K [0x00000000d5e00000, 0x00000000de800000, 0x0000000100000000)
  eden space 115712K, 99% used [0x00000000d5e00000,0x00000000dce60890,0x00000000dcf00000)
  from space 3072K, 0% used [0x00000000de500000,0x00000000de500000,0x00000000de800000)
  to   space 5120K, 0% used [0x00000000dde00000,0x00000000dde00000,0x00000000de300000)
 ParOldGen       total 201728K, used 94796K [0x0000000081a00000, 0x000000008df00000, 0x00000000d5e00000)
  object space 201728K, 46% used [0x0000000081a00000,0x00000000876933e0,0x000000008df00000)
 Metaspace       used 8947K, capacity 9190K, committed 9472K, reserved 1056768K
  class space    used 1094K, capacity 1163K, committed 1280K, reserved 1048576K
GC Heap History (10 events):
Event: 0.368 GC heap before
{Heap before GC invocations=2 (full 0):
 PSYoungGen      total 38400K, used 36998K [0x00000000d5e00000, 0x00000000da900000, 0x0000000100000000)
  eden space 33280K, 100% used [0x00000000d5e00000,0x00000000d7e80000,0x00000000d7e80000)
  from space 5120K, 72% used [0x00000000d7e80000,0x00000000d8221af0,0x00000000d8380000)
  to   space 5120K, 0% used [0x00000000da400000,0x00000000da400000,0x00000000da900000)
 ParOldGen       total 87552K, used 17110K [0x0000000081a00000, 0x0000000086f80000, 0x00000000d5e00000)
  object space 87552K, 19% used [0x0000000081a00000,0x0000000082ab5960,0x0000000086f80000)
 Metaspace       used 6180K, capacity 6428K, committed 6528K, reserved 1056768K
  class space    used 736K, capacity 797K, committed 896K, reserved 1048576K
Event: 0.374 GC heap after
Heap after GC invocations=2 (full 0):
 PSYoungGen      total 71680K, used 3746K [0x00000000d5e00000, 0x00000000da900000, 0x0000000100000000)
  eden space 66560K, 0% used [0x00000000d5e00000,0x00000000d5e00000,0x00000000d9f00000)
  from space 5120K, 73% used [0x00000000da400000,0x00000000da7a89b0,0x00000000da900000)
  to   space 5120K, 0% used [0x00000000d9f00000,0x00000000d9f00000,0x00000000da400000)
 ParOldGen       total 87552K, used 37019K [0x0000000081a00000, 0x0000000086f80000, 0x00000000d5e00000)
  object space 87552K, 42% used [0x0000000081a00000,0x0000000083e26da0,0x0000000086f80000)
 Metaspace       used 6180K, capacity 6428K, committed 6528K, reserved 1056768K
  class space    used 736K, capacity 797K, committed 896K, reserved 1048576K
}
Event: 0.585 GC heap before
{Heap before GC invocations=3 (full 0):
 PSYoungGen      total 71680K, used 70306K [0x00000000d5e00000, 0x00000000da900000, 0x0000000100000000)
  eden space 66560K, 100% used [0x00000000d5e00000,0x00000000d9f00000,0x00000000d9f00000)
  from space 5120K, 73% used [0x00000000da400000,0x00000000da7a89b0,0x00000000da900000)
  to   space 5120K, 0% used [0x00000000d9f00000,0x00000000d9f00000,0x00000000da400000)
 ParOldGen       total 87552K, used 37019K [0x0000000081a00000, 0x0000000086f80000, 0x00000000d5e00000)
  object space 87552K, 42% used [0x0000000081a00000,0x0000000083e26da0,0x0000000086f80000)
 Metaspace       used 6183K, capacity 6428K, committed 6528K, reserved 1056768K
  class space    used 736K, capacity 797K, committed 896K, reserved 1048576K
Event: 0.602 GC heap after
Heap after GC invocations=3 (full 0):
 PSYoungGen      total 71680K, used 3762K [0x00000000d5e00000, 0x00000000dea00000, 0x0000000100000000)
  eden space 66560K, 0% used [0x00000000d5e00000,0x00000000d5e00000,0x00000000d9f00000)
  from space 5120K, 73% used [0x00000000d9f00000,0x00000000da2ac9a0,0x00000000da400000)
  to   space 5120K, 0% used [0x00000000de500000,0x00000000de500000,0x00000000dea00000)
 ParOldGen       total 87552K, used 74074K [0x0000000081a00000, 0x0000000086f80000, 0x00000000d5e00000)
  object space 87552K, 84% used [0x0000000081a00000,0x00000000862569f0,0x0000000086f80000)
 Metaspace       used 6183K, capacity 6428K, committed 6528K, reserved 1056768K
  class space    used 736K, capacity 797K, committed 896K, reserved 1048576K
}
Event: 0.602 GC heap before
{Heap before GC invocations=4 (full 1):
 PSYoungGen      total 71680K, used 3762K [0x00000000d5e00000, 0x00000000dea00000, 0x0000000100000000)
  eden space 66560K, 0% used [0x00000000d5e00000,0x00000000d5e00000,0x00000000d9f00000)
  from space 5120K, 73% used [0x00000000d9f00000,0x00000000da2ac9a0,0x00000000da400000)
  to   space 5120K, 0% used [0x00000000de500000,0x00000000de500000,0x00000000dea00000)
 ParOldGen       total 87552K, used 74074K [0x0000000081a00000, 0x0000000086f80000, 0x00000000d5e00000)
  object space 87552K, 84% used [0x0000000081a00000,0x00000000862569f0,0x0000000086f80000)
 Metaspace       used 6183K, capacity 6428K, committed 6528K, reserved 1056768K
  class space    used 736K, capacity 797K, committed 896K, reserved 1048576K
Event: 0.616 GC heap after
Heap after GC invocations=4 (full 1):
 PSYoungGen      total 71680K, used 0K [0x00000000d5e00000, 0x00000000dea00000, 0x0000000100000000)
  eden space 66560K, 0% used [0x00000000d5e00000,0x00000000d5e00000,0x00000000d9f00000)
  from space 5120K, 0% used [0x00000000d9f00000,0x00000000d9f00000,0x00000000da400000)
  to   space 5120K, 0% used [0x00000000de500000,0x00000000de500000,0x00000000dea00000)
 ParOldGen       total 144896K, used 63504K [0x0000000081a00000, 0x000000008a780000, 0x00000000d5e00000)
  object space 144896K, 43% used [0x0000000081a00000,0x0000000085804210,0x000000008a780000)
 Metaspace       used 6183K, capacity 6428K, committed 6528K, reserved 1056768K
  class space    used 736K, capacity 797K, committed 896K, reserved 1048576K
}
Event: 0.753 GC heap before
{Heap before GC invocations=5 (full 1):
 PSYoungGen      total 71680K, used 63976K [0x00000000d5e00000, 0x00000000dea00000, 0x0000000100000000)
  eden space 66560K, 96% used [0x00000000d5e00000,0x00000000d9c7a2c8,0x00000000d9f00000)
  from space 5120K, 0% used [0x00000000d9f00000,0x00000000d9f00000,0x00000000da400000)
  to   space 5120K, 0% used [0x00000000de500000,0x00000000de500000,0x00000000dea00000)
 ParOldGen       total 144896K, used 63504K [0x0000000081a00000, 0x000000008a780000, 0x00000000d5e00000)
  object space 144896K, 43% used [0x0000000081a00000,0x0000000085804210,0x000000008a780000)
 Metaspace       used 6184K, capacity 6428K, committed 6528K, reserved 1056768K
  class space    used 736K, capacity 797K, committed 896K, reserved 1048576K
Event: 0.765 GC heap after
Heap after GC invocations=5 (full 1):
 PSYoungGen      total 118784K, used 2978K [0x00000000d5e00000, 0x00000000de800000, 0x0000000100000000)
  eden space 115712K, 0% used [0x00000000d5e00000,0x00000000d5e00000,0x00000000dcf00000)
  from space 3072K, 96% used [0x00000000de500000,0x00000000de7e8990,0x00000000de800000)
  to   space 5120K, 0% used [0x00000000dde00000,0x00000000dde00000,0x00000000de300000)
 ParOldGen       total 144896K, used 103322K [0x0000000081a00000, 0x000000008a780000, 0x00000000d5e00000)
  object space 144896K, 71% used [0x0000000081a00000,0x0000000087ee6a90,0x000000008a780000)
 Metaspace       used 6184K, capacity 6428K, committed 6528K, reserved 1056768K
  class space    used 736K, capacity 797K, committed 896K, reserved 1048576K
}
Event: 0.765 GC heap before
{Heap before GC invocations=6 (full 2):
 PSYoungGen      total 118784K, used 2978K [0x00000000d5e00000, 0x00000000de800000, 0x0000000100000000)
  eden space 115712K, 0% used [0x00000000d5e00000,0x00000000d5e00000,0x00000000dcf00000)
  from space 3072K, 96% used [0x00000000de500000,0x00000000de7e8990,0x00000000de800000)
  to   space 5120K, 0% used [0x00000000dde00000,0x00000000dde00000,0x00000000de300000)
 ParOldGen       total 144896K, used 103322K [0x0000000081a00000, 0x000000008a780000, 0x00000000d5e00000)
  object space 144896K, 71% used [0x0000000081a00000,0x0000000087ee6a90,0x000000008a780000)
 Metaspace       used 6184K, capacity 6428K, committed 6528K, reserved 1056768K
  class space    used 736K, capacity 797K, committed 896K, reserved 1048576K
Event: 0.774 GC heap after
Heap after GC invocations=6 (full 2):
 PSYoungGen      total 118784K, used 0K [0x00000000d5e00000, 0x00000000de800000, 0x0000000100000000)
  eden space 115712K, 0% used [0x00000000d5e00000,0x00000000d5e00000,0x00000000dcf00000)
  from space 3072K, 0% used [0x00000000de500000,0x00000000de500000,0x00000000de800000)
  to   space 5120K, 0% used [0x00000000dde00000,0x00000000dde00000,0x00000000de300000)
 ParOldGen       total 201728K, used 94796K [0x0000000081a00000, 0x000000008df00000, 0x00000000d5e00000)
  object space 201728K, 46% used [0x0000000081a00000,0x00000000876933e0,0x000000008df00000)
 Metaspace       used 6184K, capacity 6428K, committed 6528K, reserved 1056768K
  class space    used 736K, capacity 797K, committed 896K, reserved 1048576K
}

